<?xml version="1.0" encoding="UTF-8"?>
<!-- Generated by org.testng.reporters.JUnitXMLReporter -->
<testsuite ignored="0" hostname="LAPTOP-5H9HEO78" failures="1" tests="3" name="Error Validation Test" time="76.18" errors="0" timestamp="2024-09-17T13:49:43 IST">
  <testcase classname="Pallavi_Practise_Project.Test.ErrorValidationTest" name="LoginErrorValidation" time="1.149">
    <skipped/>
  </testcase> <!-- LoginErrorValidation -->
  <testcase classname="Pallavi_Practise_Project.Test.ErrorValidationTest" name="LoginErrorValidation" time="1.176">
    <failure type="java.lang.AssertionError" message="expected [Incorrect email or password.] but found [Incorrect email password.]">
      <![CDATA[java.lang.AssertionError: expected [Incorrect email or password.] but found [Incorrect email password.]
at Pallavi_Practise_Project.Test.ErrorValidationTest.LoginErrorValidation(ErrorValidationTest.java:25)
at java.base/java.util.ArrayList.forEach(ArrayList.java:1511)
at java.base/java.util.concurrent.FutureTask.run(FutureTask.java:264)
at java.base/java.util.concurrent.ThreadPoolExecutor.runWorker(ThreadPoolExecutor.java:1136)
at java.base/java.util.concurrent.ThreadPoolExecutor$Worker.run(ThreadPoolExecutor.java:635)
at java.base/java.lang.Thread.run(Thread.java:840)
... Removed 23 stack frames]]>
    </failure>
  </testcase> <!-- LoginErrorValidation -->
  <testcase classname="Pallavi_Practise_Project.Test.ErrorValidationTest" name="ProductErrorValidation" time="3.001"/>
</testsuite> <!-- Error Validation Test -->
