<?xml version="1.0" encoding="UTF-8"?>
<!-- Generated by org.testng.reporters.JUnitXMLReporter -->
<testsuite ignored="0" hostname="LAPTOP-5H9HEO78" failures="0" tests="3" name="Submit Order Test" time="74.04" errors="0" timestamp="2024-09-17T13:49:42 IST">
  <testcase classname="Pallavi_Practise_Project.Test.SubmitOrderTest" name="submitOrder" time="5.602"/>
  <testcase classname="Pallavi_Practise_Project.Test.SubmitOrderTest" name="submitOrder" time="5.072"/>
  <testcase classname="Pallavi_Practise_Project.Test.SubmitOrderTest" name="OrderHistoryTest" time="1.406"/>
</testsuite> <!-- Submit Order Test -->
