<?xml version="1.0" encoding="UTF-8"?>
<!-- Generated by org.testng.reporters.JUnitXMLReporter -->
<testsuite ignored="0" hostname="LAPTOP-5H9HEO78" failures="0" tests="2" name="Error Validation Test" time="69.2" errors="0" timestamp="2024-09-17T22:02:55 IST">
  <testcase classname="Pallavi_Practise_Project.Test.ErrorValidationTest" name="LoginErrorValidation" time="1.27"/>
  <testcase classname="Pallavi_Practise_Project.Test.ErrorValidationTest" name="ProductErrorValidation" time="2.743"/>
</testsuite> <!-- Error Validation Test -->
