<?xml version="1.0" encoding="UTF-8"?>
<!-- Generated by org.testng.reporters.JUnitXMLReporter -->
<testsuite ignored="0" hostname="LAPTOP-5H9HEO78" failures="0" tests="3" name="Submit Order Test" time="103.725" errors="0" timestamp="2024-09-17T22:03:29 IST">
  <testcase classname="Pallavi_Practise_Project.Test.SubmitOrderTest" name="submitOrder" time="4.813"/>
  <testcase classname="Pallavi_Practise_Project.Test.SubmitOrderTest" name="submitOrder" time="4.809"/>
  <testcase classname="Pallavi_Practise_Project.Test.SubmitOrderTest" name="OrderHistoryTest" time="0.781"/>
</testsuite> <!-- Submit Order Test -->
